0:0:0:0:0:0:0:1 - - [12/Jul/2018:17:59:57 +0800] "GET /zeus/swagger-ui.html HTTP/1.1" 200 4910
0:0:0:0:0:0:0:1 - - [12/Jul/2018:17:59:57 +0800] "GET /zeus/webjars/springfox-swagger-ui/css/typography.css HTTP/1.1" 200 1474
0:0:0:0:0:0:0:1 - - [12/Jul/2018:17:59:57 +0800] "GET /zeus/webjars/springfox-swagger-ui/lib/jquery.slideto.min.js HTTP/1.1" 200 369
0:0:0:0:0:0:0:1 - - [12/Jul/2018:17:59:57 +0800] "GET /zeus/webjars/springfox-swagger-ui/css/screen.css HTTP/1.1" 200 43886
0:0:0:0:0:0:0:1 - - [12/Jul/2018:17:59:57 +0800] "GET /zeus/webjars/springfox-swagger-ui/css/reset.css HTTP/1.1" 200 1066
0:0:0:0:0:0:0:1 - - [12/Jul/2018:17:59:57 +0800] "GET /zeus/webjars/springfox-swagger-ui/lib/jquery.wiggle.min.js HTTP/1.1" 200 762
0:0:0:0:0:0:0:1 - - [12/Jul/2018:17:59:57 +0800] "GET /zeus/webjars/springfox-swagger-ui/lib/jquery.ba-bbq.min.js HTTP/1.1" 200 4119
0:0:0:0:0:0:0:1 - - [12/Jul/2018:17:59:57 +0800] "GET /zeus/webjars/springfox-swagger-ui/lib/jquery-1.8.0.min.js HTTP/1.1" 200 92555
0:0:0:0:0:0:0:1 - - [12/Jul/2018:17:59:57 +0800] "GET /zeus/webjars/springfox-swagger-ui/lib/handlebars-2.0.0.js HTTP/1.1" 200 48517
0:0:0:0:0:0:0:1 - - [12/Jul/2018:17:59:57 +0800] "GET /zeus/webjars/springfox-swagger-ui/lib/underscore-min.js HTTP/1.1" 200 15626
0:0:0:0:0:0:0:1 - - [12/Jul/2018:17:59:57 +0800] "GET /zeus/webjars/springfox-swagger-ui/lib/backbone-min.js HTTP/1.1" 200 20390
0:0:0:0:0:0:0:1 - - [12/Jul/2018:17:59:57 +0800] "GET /zeus/webjars/springfox-swagger-ui/swagger-ui.min.js HTTP/1.1" 200 368752
0:0:0:0:0:0:0:1 - - [12/Jul/2018:17:59:57 +0800] "GET /zeus/webjars/springfox-swagger-ui/lib/marked.js HTTP/1.1" 200 28156
0:0:0:0:0:0:0:1 - - [12/Jul/2018:17:59:57 +0800] "GET /zeus/webjars/springfox-swagger-ui/lib/highlight.7.3.pack.js HTTP/1.1" 200 7499
0:0:0:0:0:0:0:1 - - [12/Jul/2018:17:59:57 +0800] "GET /zeus/webjars/springfox-swagger-ui/springfox.js HTTP/1.1" 200 1528
0:0:0:0:0:0:0:1 - - [12/Jul/2018:17:59:57 +0800] "GET /zeus/webjars/springfox-swagger-ui/lib/swagger-oauth.js HTTP/1.1" 200 9202
0:0:0:0:0:0:0:1 - - [12/Jul/2018:17:59:57 +0800] "GET /zeus/webjars/springfox-swagger-ui/images/logo_small.png HTTP/1.1" 200 770
0:0:0:0:0:0:0:1 - - [12/Jul/2018:17:59:57 +0800] "GET /zeus/webjars/springfox-swagger-ui/fonts/droid-sans-v6-latin-700.woff2 HTTP/1.1" 200 11480
0:0:0:0:0:0:0:1 - - [12/Jul/2018:17:59:57 +0800] "GET /zeus/webjars/springfox-swagger-ui/fonts/droid-sans-v6-latin-regular.woff2 HTTP/1.1" 200 11304
0:0:0:0:0:0:0:1 - - [12/Jul/2018:17:59:57 +0800] "GET /zeus/swagger-resources HTTP/1.1" 200 67
0:0:0:0:0:0:0:1 - - [12/Jul/2018:17:59:57 +0800] "GET /zeus/images/favicon-32x32.png HTTP/1.1" 200 74
0:0:0:0:0:0:0:1 - - [12/Jul/2018:17:59:57 +0800] "GET /zeus/images/favicon-16x16.png HTTP/1.1" 200 74
0:0:0:0:0:0:0:1 - - [12/Jul/2018:18:03:11 +0800] "GET /zeus/images/favicon-32x32.png HTTP/1.1" 200 74
0:0:0:0:0:0:0:1 - - [12/Jul/2018:18:03:11 +0800] "GET /zeus/images/favicon-16x16.png HTTP/1.1" 200 74
0:0:0:0:0:0:0:1 - - [12/Jul/2018:18:03:12 +0800] "GET /zeus/swagger-resources HTTP/1.1" 200 69
0:0:0:0:0:0:0:1 - - [12/Jul/2018:18:03:12 +0800] "GET /zeus/v2/api-docs HTTP/1.1" 200 18990
0:0:0:0:0:0:0:1 - - [12/Jul/2018:18:03:12 +0800] "GET /zeus/v2/api-docs HTTP/1.1" 200 18990
0:0:0:0:0:0:0:1 - - [12/Jul/2018:18:03:12 +0800] "GET /zeus/v2/api-docs HTTP/1.1" 200 18990
0:0:0:0:0:0:0:1 - - [12/Jul/2018:18:03:12 +0800] "GET /zeus/v2/api-docs HTTP/1.1" 200 18990
0:0:0:0:0:0:0:1 - - [12/Jul/2018:18:03:12 +0800] "GET /zeus/v2/api-docs HTTP/1.1" 200 18990
0:0:0:0:0:0:0:1 - - [12/Jul/2018:18:03:12 +0800] "GET /zeus/v2/api-docs HTTP/1.1" 200 18990
0:0:0:0:0:0:0:1 - - [12/Jul/2018:18:03:12 +0800] "GET /zeus/v2/api-docs HTTP/1.1" 200 18990
0:0:0:0:0:0:0:1 - - [12/Jul/2018:18:03:12 +0800] "GET /zeus/v2/api-docs HTTP/1.1" 200 18990
0:0:0:0:0:0:0:1 - - [12/Jul/2018:18:03:12 +0800] "GET /zeus/v2/api-docs HTTP/1.1" 200 18990
0:0:0:0:0:0:0:1 - - [12/Jul/2018:18:03:12 +0800] "GET /zeus/v2/api-docs HTTP/1.1" 200 18990
0:0:0:0:0:0:0:1 - - [12/Jul/2018:18:03:12 +0800] "GET /zeus/v2/api-docs HTTP/1.1" 200 18990
0:0:0:0:0:0:0:1 - - [12/Jul/2018:18:03:12 +0800] "GET /zeus/v2/api-docs HTTP/1.1" 200 18990
0:0:0:0:0:0:0:1 - - [12/Jul/2018:18:03:12 +0800] "GET /zeus/v2/api-docs HTTP/1.1" 200 18990
0:0:0:0:0:0:0:1 - - [12/Jul/2018:18:03:12 +0800] "GET /zeus/v2/api-docs HTTP/1.1" 200 18990
0:0:0:0:0:0:0:1 - - [12/Jul/2018:18:03:12 +0800] "GET /zeus/v2/api-docs HTTP/1.1" 200 18990
0:0:0:0:0:0:0:1 - - [12/Jul/2018:18:03:12 +0800] "GET /zeus/v2/api-docs HTTP/1.1" 200 18990
0:0:0:0:0:0:0:1 - - [12/Jul/2018:18:03:12 +0800] "GET /zeus/v2/api-docs HTTP/1.1" 200 18990
0:0:0:0:0:0:0:1 - - [12/Jul/2018:18:03:12 +0800] "GET /zeus/v2/api-docs HTTP/1.1" 200 18990
0:0:0:0:0:0:0:1 - - [12/Jul/2018:18:03:12 +0800] "GET /zeus/v2/api-docs HTTP/1.1" 200 18990
0:0:0:0:0:0:0:1 - - [12/Jul/2018:18:03:12 +0800] "GET /zeus/v2/api-docs HTTP/1.1" 200 18990
0:0:0:0:0:0:0:1 - - [12/Jul/2018:18:03:12 +0800] "GET /zeus/v2/api-docs HTTP/1.1" 200 18990
0:0:0:0:0:0:0:1 - - [12/Jul/2018:18:03:12 +0800] "GET /zeus/v2/api-docs HTTP/1.1" 200 18990
0:0:0:0:0:0:0:1 - - [12/Jul/2018:18:03:12 +0800] "GET /zeus/configuration/ui HTTP/1.1" 200 21
0:0:0:0:0:0:0:1 - - [12/Jul/2018:18:03:12 +0800] "GET /zeus/configuration/security HTTP/1.1" 200 59
0:0:0:0:0:0:0:1 - - [12/Jul/2018:18:14:44 +0800] "GET /zeus/swagger-ui.html HTTP/1.1" 304 -
0:0:0:0:0:0:0:1 - - [12/Jul/2018:18:14:44 +0800] "GET /zeus/swagger-resources HTTP/1.1" 200 69
0:0:0:0:0:0:0:1 - - [12/Jul/2018:18:14:44 +0800] "GET /zeus/images/favicon-32x32.png HTTP/1.1" 200 74
0:0:0:0:0:0:0:1 - - [12/Jul/2018:18:14:44 +0800] "GET /zeus/images/favicon-16x16.png HTTP/1.1" 200 74
0:0:0:0:0:0:0:1 - - [12/Jul/2018:18:14:44 +0800] "GET /zeus/v2/api-docs HTTP/1.1" 200 18990
0:0:0:0:0:0:0:1 - - [12/Jul/2018:18:14:44 +0800] "GET /zeus/v2/api-docs HTTP/1.1" 200 18990
0:0:0:0:0:0:0:1 - - [12/Jul/2018:18:14:44 +0800] "GET /zeus/v2/api-docs HTTP/1.1" 200 18990
0:0:0:0:0:0:0:1 - - [12/Jul/2018:18:14:44 +0800] "GET /zeus/v2/api-docs HTTP/1.1" 200 18990
0:0:0:0:0:0:0:1 - - [12/Jul/2018:18:14:44 +0800] "GET /zeus/v2/api-docs HTTP/1.1" 200 18990
0:0:0:0:0:0:0:1 - - [12/Jul/2018:18:14:44 +0800] "GET /zeus/v2/api-docs HTTP/1.1" 200 18990
0:0:0:0:0:0:0:1 - - [12/Jul/2018:18:14:44 +0800] "GET /zeus/v2/api-docs HTTP/1.1" 200 18990
0:0:0:0:0:0:0:1 - - [12/Jul/2018:18:14:44 +0800] "GET /zeus/v2/api-docs HTTP/1.1" 200 18990
0:0:0:0:0:0:0:1 - - [12/Jul/2018:18:14:44 +0800] "GET /zeus/v2/api-docs HTTP/1.1" 200 18990
0:0:0:0:0:0:0:1 - - [12/Jul/2018:18:14:44 +0800] "GET /zeus/v2/api-docs HTTP/1.1" 200 18990
0:0:0:0:0:0:0:1 - - [12/Jul/2018:18:14:44 +0800] "GET /zeus/v2/api-docs HTTP/1.1" 200 18990
0:0:0:0:0:0:0:1 - - [12/Jul/2018:18:14:44 +0800] "GET /zeus/v2/api-docs HTTP/1.1" 200 18990
0:0:0:0:0:0:0:1 - - [12/Jul/2018:18:14:44 +0800] "GET /zeus/v2/api-docs HTTP/1.1" 200 18990
0:0:0:0:0:0:0:1 - - [12/Jul/2018:18:14:44 +0800] "GET /zeus/v2/api-docs HTTP/1.1" 200 18990
0:0:0:0:0:0:0:1 - - [12/Jul/2018:18:14:44 +0800] "GET /zeus/v2/api-docs HTTP/1.1" 200 18990
0:0:0:0:0:0:0:1 - - [12/Jul/2018:18:14:44 +0800] "GET /zeus/v2/api-docs HTTP/1.1" 200 18990
0:0:0:0:0:0:0:1 - - [12/Jul/2018:18:14:44 +0800] "GET /zeus/v2/api-docs HTTP/1.1" 200 18990
0:0:0:0:0:0:0:1 - - [12/Jul/2018:18:14:44 +0800] "GET /zeus/v2/api-docs HTTP/1.1" 200 18990
0:0:0:0:0:0:0:1 - - [12/Jul/2018:18:14:44 +0800] "GET /zeus/v2/api-docs HTTP/1.1" 200 18990
0:0:0:0:0:0:0:1 - - [12/Jul/2018:18:14:44 +0800] "GET /zeus/v2/api-docs HTTP/1.1" 200 18990
0:0:0:0:0:0:0:1 - - [12/Jul/2018:18:14:44 +0800] "GET /zeus/v2/api-docs HTTP/1.1" 200 18990
0:0:0:0:0:0:0:1 - - [12/Jul/2018:18:14:44 +0800] "GET /zeus/v2/api-docs HTTP/1.1" 200 18990
0:0:0:0:0:0:0:1 - - [12/Jul/2018:18:14:44 +0800] "GET /zeus/configuration/ui HTTP/1.1" 401 43
0:0:0:0:0:0:0:1 - - [12/Jul/2018:18:14:44 +0800] "GET /zeus/configuration/security HTTP/1.1" 401 43
0:0:0:0:0:0:0:1 - - [12/Jul/2018:18:17:13 +0800] "GET /zeus/swagger-ui.html HTTP/1.1" 304 -
0:0:0:0:0:0:0:1 - - [12/Jul/2018:18:17:13 +0800] "GET /zeus/swagger-resources HTTP/1.1" 200 69
0:0:0:0:0:0:0:1 - - [12/Jul/2018:18:17:13 +0800] "GET /zeus/images/favicon-32x32.png HTTP/1.1" 200 74
0:0:0:0:0:0:0:1 - - [12/Jul/2018:18:17:13 +0800] "GET /zeus/v2/api-docs HTTP/1.1" 200 18990
0:0:0:0:0:0:0:1 - - [12/Jul/2018:18:17:14 +0800] "GET /zeus/images/favicon-16x16.png HTTP/1.1" 200 74
0:0:0:0:0:0:0:1 - - [12/Jul/2018:18:17:14 +0800] "GET /zeus/v2/api-docs HTTP/1.1" 200 18990
0:0:0:0:0:0:0:1 - - [12/Jul/2018:18:17:14 +0800] "GET /zeus/v2/api-docs HTTP/1.1" 200 18990
0:0:0:0:0:0:0:1 - - [12/Jul/2018:18:17:14 +0800] "GET /zeus/v2/api-docs HTTP/1.1" 200 18990
0:0:0:0:0:0:0:1 - - [12/Jul/2018:18:17:14 +0800] "GET /zeus/v2/api-docs HTTP/1.1" 200 18990
0:0:0:0:0:0:0:1 - - [12/Jul/2018:18:17:14 +0800] "GET /zeus/v2/api-docs HTTP/1.1" 200 18990
0:0:0:0:0:0:0:1 - - [12/Jul/2018:18:17:14 +0800] "GET /zeus/v2/api-docs HTTP/1.1" 200 18990
0:0:0:0:0:0:0:1 - - [12/Jul/2018:18:17:14 +0800] "GET /zeus/v2/api-docs HTTP/1.1" 200 18990
0:0:0:0:0:0:0:1 - - [12/Jul/2018:18:17:14 +0800] "GET /zeus/v2/api-docs HTTP/1.1" 200 18990
0:0:0:0:0:0:0:1 - - [12/Jul/2018:18:17:14 +0800] "GET /zeus/v2/api-docs HTTP/1.1" 200 18990
0:0:0:0:0:0:0:1 - - [12/Jul/2018:18:17:14 +0800] "GET /zeus/v2/api-docs HTTP/1.1" 200 18990
0:0:0:0:0:0:0:1 - - [12/Jul/2018:18:17:14 +0800] "GET /zeus/v2/api-docs HTTP/1.1" 200 18990
0:0:0:0:0:0:0:1 - - [12/Jul/2018:18:17:14 +0800] "GET /zeus/v2/api-docs HTTP/1.1" 200 18990
0:0:0:0:0:0:0:1 - - [12/Jul/2018:18:17:14 +0800] "GET /zeus/v2/api-docs HTTP/1.1" 200 18990
0:0:0:0:0:0:0:1 - - [12/Jul/2018:18:17:14 +0800] "GET /zeus/v2/api-docs HTTP/1.1" 200 18990
0:0:0:0:0:0:0:1 - - [12/Jul/2018:18:17:14 +0800] "GET /zeus/v2/api-docs HTTP/1.1" 200 18990
0:0:0:0:0:0:0:1 - - [12/Jul/2018:18:17:14 +0800] "GET /zeus/v2/api-docs HTTP/1.1" 200 18990
0:0:0:0:0:0:0:1 - - [12/Jul/2018:18:17:14 +0800] "GET /zeus/v2/api-docs HTTP/1.1" 200 18990
0:0:0:0:0:0:0:1 - - [12/Jul/2018:18:17:14 +0800] "GET /zeus/v2/api-docs HTTP/1.1" 200 18990
0:0:0:0:0:0:0:1 - - [12/Jul/2018:18:17:14 +0800] "GET /zeus/v2/api-docs HTTP/1.1" 200 18990
0:0:0:0:0:0:0:1 - - [12/Jul/2018:18:17:14 +0800] "GET /zeus/v2/api-docs HTTP/1.1" 200 18990
0:0:0:0:0:0:0:1 - - [12/Jul/2018:18:17:14 +0800] "GET /zeus/v2/api-docs HTTP/1.1" 200 18990
0:0:0:0:0:0:0:1 - - [12/Jul/2018:18:17:14 +0800] "GET /zeus/configuration/ui HTTP/1.1" 401 43
0:0:0:0:0:0:0:1 - - [12/Jul/2018:18:17:14 +0800] "GET /zeus/configuration/security HTTP/1.1" 401 43
