0:0:0:0:0:0:0:1 - - [18/Jul/2018:14:30:55 +0800] "GET /zeus/swagger-ui.html HTTP/1.1" 304 -
0:0:0:0:0:0:0:1 - - [18/Jul/2018:14:30:55 +0800] "GET /zeus/webjars/springfox-swagger-ui/css/screen.css HTTP/1.1" 304 -
0:0:0:0:0:0:0:1 - - [18/Jul/2018:14:30:55 +0800] "GET /zeus/webjars/springfox-swagger-ui/css/typography.css HTTP/1.1" 304 -
0:0:0:0:0:0:0:1 - - [18/Jul/2018:14:30:55 +0800] "GET /zeus/webjars/springfox-swagger-ui/lib/jquery.wiggle.min.js HTTP/1.1" 304 -
0:0:0:0:0:0:0:1 - - [18/Jul/2018:14:30:55 +0800] "GET /zeus/webjars/springfox-swagger-ui/lib/jquery-1.8.0.min.js HTTP/1.1" 304 -
0:0:0:0:0:0:0:1 - - [18/Jul/2018:14:30:55 +0800] "GET /zeus/webjars/springfox-swagger-ui/css/reset.css HTTP/1.1" 304 -
0:0:0:0:0:0:0:1 - - [18/Jul/2018:14:30:55 +0800] "GET /zeus/webjars/springfox-swagger-ui/lib/jquery.slideto.min.js HTTP/1.1" 304 -
0:0:0:0:0:0:0:1 - - [18/Jul/2018:14:30:55 +0800] "GET /zeus/webjars/springfox-swagger-ui/lib/handlebars-2.0.0.js HTTP/1.1" 304 -
0:0:0:0:0:0:0:1 - - [18/Jul/2018:14:30:55 +0800] "GET /zeus/webjars/springfox-swagger-ui/lib/underscore-min.js HTTP/1.1" 304 -
0:0:0:0:0:0:0:1 - - [18/Jul/2018:14:30:55 +0800] "GET /zeus/webjars/springfox-swagger-ui/lib/backbone-min.js HTTP/1.1" 304 -
0:0:0:0:0:0:0:1 - - [18/Jul/2018:14:30:55 +0800] "GET /zeus/webjars/springfox-swagger-ui/lib/jquery.ba-bbq.min.js HTTP/1.1" 304 -
0:0:0:0:0:0:0:1 - - [18/Jul/2018:14:30:55 +0800] "GET /zeus/webjars/springfox-swagger-ui/springfox.js HTTP/1.1" 304 -
0:0:0:0:0:0:0:1 - - [18/Jul/2018:14:30:55 +0800] "GET /zeus/webjars/springfox-swagger-ui/swagger-ui.min.js HTTP/1.1" 304 -
0:0:0:0:0:0:0:1 - - [18/Jul/2018:14:30:55 +0800] "GET /zeus/webjars/springfox-swagger-ui/lib/highlight.7.3.pack.js HTTP/1.1" 304 -
0:0:0:0:0:0:0:1 - - [18/Jul/2018:14:30:55 +0800] "GET /zeus/webjars/springfox-swagger-ui/lib/marked.js HTTP/1.1" 304 -
0:0:0:0:0:0:0:1 - - [18/Jul/2018:14:30:55 +0800] "GET /zeus/webjars/springfox-swagger-ui/lib/swagger-oauth.js HTTP/1.1" 304 -
0:0:0:0:0:0:0:1 - - [18/Jul/2018:14:30:55 +0800] "GET /zeus/webjars/springfox-swagger-ui/fonts/droid-sans-v6-latin-700.woff2 HTTP/1.1" 304 -
0:0:0:0:0:0:0:1 - - [18/Jul/2018:14:30:55 +0800] "GET /zeus/webjars/springfox-swagger-ui/images/logo_small.png HTTP/1.1" 304 -
0:0:0:0:0:0:0:1 - - [18/Jul/2018:14:30:55 +0800] "GET /zeus/webjars/springfox-swagger-ui/fonts/droid-sans-v6-latin-regular.woff2 HTTP/1.1" 304 -
0:0:0:0:0:0:0:1 - - [18/Jul/2018:14:30:55 +0800] "GET /zeus/swagger-resources HTTP/1.1" 200 69
0:0:0:0:0:0:0:1 - - [18/Jul/2018:14:30:55 +0800] "GET /zeus/images/favicon-32x32.png HTTP/1.1" 200 74
0:0:0:0:0:0:0:1 - - [18/Jul/2018:14:30:56 +0800] "GET /zeus/images/favicon-16x16.png HTTP/1.1" 200 74
0:0:0:0:0:0:0:1 - - [18/Jul/2018:14:30:56 +0800] "GET /zeus/v2/api-docs HTTP/1.1" 200 18990
0:0:0:0:0:0:0:1 - - [18/Jul/2018:14:30:56 +0800] "GET /zeus/v2/api-docs HTTP/1.1" 200 18990
0:0:0:0:0:0:0:1 - - [18/Jul/2018:14:30:56 +0800] "GET /zeus/v2/api-docs HTTP/1.1" 200 18990
0:0:0:0:0:0:0:1 - - [18/Jul/2018:14:30:56 +0800] "GET /zeus/v2/api-docs HTTP/1.1" 200 18990
0:0:0:0:0:0:0:1 - - [18/Jul/2018:14:30:56 +0800] "GET /zeus/v2/api-docs HTTP/1.1" 200 18990
0:0:0:0:0:0:0:1 - - [18/Jul/2018:14:30:56 +0800] "GET /zeus/v2/api-docs HTTP/1.1" 200 18990
0:0:0:0:0:0:0:1 - - [18/Jul/2018:14:30:56 +0800] "GET /zeus/v2/api-docs HTTP/1.1" 200 18990
0:0:0:0:0:0:0:1 - - [18/Jul/2018:14:30:56 +0800] "GET /zeus/v2/api-docs HTTP/1.1" 200 18990
0:0:0:0:0:0:0:1 - - [18/Jul/2018:14:30:56 +0800] "GET /zeus/v2/api-docs HTTP/1.1" 200 18990
0:0:0:0:0:0:0:1 - - [18/Jul/2018:14:30:56 +0800] "GET /zeus/v2/api-docs HTTP/1.1" 200 18990
0:0:0:0:0:0:0:1 - - [18/Jul/2018:14:30:56 +0800] "GET /zeus/v2/api-docs HTTP/1.1" 200 18990
0:0:0:0:0:0:0:1 - - [18/Jul/2018:14:30:56 +0800] "GET /zeus/v2/api-docs HTTP/1.1" 200 18990
0:0:0:0:0:0:0:1 - - [18/Jul/2018:14:30:56 +0800] "GET /zeus/v2/api-docs HTTP/1.1" 200 18990
0:0:0:0:0:0:0:1 - - [18/Jul/2018:14:30:56 +0800] "GET /zeus/v2/api-docs HTTP/1.1" 200 18990
0:0:0:0:0:0:0:1 - - [18/Jul/2018:14:30:56 +0800] "GET /zeus/v2/api-docs HTTP/1.1" 200 18990
0:0:0:0:0:0:0:1 - - [18/Jul/2018:14:30:56 +0800] "GET /zeus/v2/api-docs HTTP/1.1" 200 18990
0:0:0:0:0:0:0:1 - - [18/Jul/2018:14:30:56 +0800] "GET /zeus/v2/api-docs HTTP/1.1" 200 18990
0:0:0:0:0:0:0:1 - - [18/Jul/2018:14:30:56 +0800] "GET /zeus/v2/api-docs HTTP/1.1" 200 18990
0:0:0:0:0:0:0:1 - - [18/Jul/2018:14:30:56 +0800] "GET /zeus/v2/api-docs HTTP/1.1" 200 18990
0:0:0:0:0:0:0:1 - - [18/Jul/2018:14:30:56 +0800] "GET /zeus/v2/api-docs HTTP/1.1" 200 18990
0:0:0:0:0:0:0:1 - - [18/Jul/2018:14:30:56 +0800] "GET /zeus/v2/api-docs HTTP/1.1" 200 18990
0:0:0:0:0:0:0:1 - - [18/Jul/2018:14:30:56 +0800] "GET /zeus/v2/api-docs HTTP/1.1" 200 18990
0:0:0:0:0:0:0:1 - - [18/Jul/2018:14:30:56 +0800] "GET /zeus/configuration/security HTTP/1.1" 401 43
0:0:0:0:0:0:0:1 - - [18/Jul/2018:14:30:56 +0800] "GET /zeus/configuration/ui HTTP/1.1" 401 43
